<?xml version="1.0" encoding="UTF-8"?>
<!-- Generated by org.testng.reporters.JUnitReportReporter -->
<testsuite hostname="SCOPE-2017-001" name="com.UserLogin.LoginLogout" tests="1" failures="0" timestamp="23 Oct 2018 20:31:54 GMT" time="10.107" errors="0">
  <testcase name="TestName" time="10.107" classname="com.UserLogin.LoginLogout"/>
</testsuite> <!-- com.UserLogin.LoginLogout -->
