<?xml version="1.0" encoding="UTF-8"?>
<!-- Generated by org.testng.reporters.JUnitReportReporter -->
<testsuite hostname="SCOPE-2017-001" name="com.mail.sendGmail" tests="1" failures="0" timestamp="27 Jul 2018 15:01:30 GMT" time="1.512" errors="0">
  <testcase name="TestName" time="1.512" classname="com.mail.sendGmail"/>
</testsuite> <!-- com.mail.sendGmail -->
