<?xml version="1.0" encoding="UTF-8"?>
<!-- Generated by org.testng.reporters.JUnitReportReporter -->
<testsuite hostname="SCOPE-2017-001" name="com.AuthorAddContents.AuthorAddLinkContent" tests="1" failures="0" timestamp="23 Oct 2018 20:31:54 GMT" time="0.000" errors="1">
  <testcase name="TestName" time="0.000" classname="com.AuthorAddContents.AuthorAddLinkContent"/>
</testsuite> <!-- com.AuthorAddContents.AuthorAddLinkContent -->
