<?xml version="1.0" encoding="UTF-8"?>
<!-- Generated by org.testng.reporters.JUnitReportReporter -->
<testsuite hostname="SCOPE-2017-001" name="com.UserLogin.LoginLogout" tests="1" failures="0" timestamp="5 Jun 2018 19:39:36 GMT" time="1.521" errors="0">
  <testcase name="TestName" time="1.521" classname="com.UserLogin.LoginLogout"/>
</testsuite> <!-- com.UserLogin.LoginLogout -->
