<?xml version="1.0" encoding="UTF-8"?>
<!-- Generated by org.testng.reporters.JUnitReportReporter -->
<testsuite hostname="SCOPE-2017-001" name="com.AuthorAddContents.AuthorSaveDocumentAsDraft" tests="1" failures="0" timestamp="23 Oct 2018 21:04:11 GMT" time="27.579" errors="0">
  <testcase name="TestName" time="27.579" classname="com.AuthorAddContents.AuthorSaveDocumentAsDraft"/>
</testsuite> <!-- com.AuthorAddContents.AuthorSaveDocumentAsDraft -->
