<?xml version="1.0" encoding="UTF-8"?>
<!-- Generated by org.testng.reporters.JUnitReportReporter -->
<testsuite hostname="SCOPE-2017-001" name="com.AuthorAddContents.AuthorAddWebinarMaterials" tests="1" failures="0" timestamp="23 Oct 2018 20:31:54 GMT" time="0.001" errors="1">
  <testcase name="TestName" time="0.001" classname="com.AuthorAddContents.AuthorAddWebinarMaterials"/>
</testsuite> <!-- com.AuthorAddContents.AuthorAddWebinarMaterials -->
