<?xml version="1.0" encoding="UTF-8"?>
<!-- Generated by org.testng.reporters.JUnitReportReporter -->
<testsuite hostname="SCOPE-2017-001" name="com.ApproverDocumentActions.ApproverViewApproveDocument" tests="1" failures="0" timestamp="23 Oct 2018 20:31:54 GMT" time="37.074" errors="0">
  <testcase name="TestName" time="37.074" classname="com.ApproverDocumentActions.ApproverViewApproveDocument"/>
</testsuite> <!-- com.ApproverDocumentActions.ApproverViewApproveDocument -->
