<?xml version="1.0" encoding="UTF-8"?>
<!-- Generated by org.testng.reporters.JUnitReportReporter -->
<testsuite hostname="SCOPE-2017-001" name="com.mail.SendMail" tests="1" failures="0" timestamp="23 Oct 2018 20:31:54 GMT" time="3.874" errors="0">
  <testcase name="sendmail" time="3.874" classname="com.mail.SendMail"/>
</testsuite> <!-- com.mail.SendMail -->
