<?xml version="1.0" encoding="UTF-8"?>
<!-- Generated by org.testng.reporters.JUnitReportReporter -->
<testsuite hostname="SCOPE-2017-001" name="com.ApproverDocumentActions.ApproverViewRejectDocument" tests="1" failures="0" timestamp="23 Oct 2018 20:31:54 GMT" time="44.046" errors="0">
  <testcase name="TestName" time="44.046" classname="com.ApproverDocumentActions.ApproverViewRejectDocument"/>
</testsuite> <!-- com.ApproverDocumentActions.ApproverViewRejectDocument -->
