<?xml version="1.0" encoding="UTF-8"?>
<!-- Generated by org.testng.reporters.JUnitReportReporter -->
<testsuite hostname="SCOPE-2017-001" name="com.ApplicationDataMigration.DocumentMigration" tests="153" failures="0" timestamp="23 Oct 2018 18:25:42 GMT" time="2734.418" errors="2">
  <testcase name="TestName" time="18.442" classname="com.ApplicationDataMigration.DocumentMigration"/>
  <testcase name="TestName" time="17.180" classname="com.ApplicationDataMigration.DocumentMigration"/>
  <testcase name="TestName" time="18.972" classname="com.ApplicationDataMigration.DocumentMigration"/>
  <testcase name="TestName" time="17.557" classname="com.ApplicationDataMigration.DocumentMigration"/>
  <testcase name="TestName" time="17.721" classname="com.ApplicationDataMigration.DocumentMigration"/>
  <testcase name="TestName" time="18.105" classname="com.ApplicationDataMigration.DocumentMigration"/>
  <testcase name="TestName" time="17.881" classname="com.ApplicationDataMigration.DocumentMigration"/>
  <testcase name="TestName" time="18.128" classname="com.ApplicationDataMigration.DocumentMigration"/>
  <testcase name="TestName" time="17.944" classname="com.ApplicationDataMigration.DocumentMigration"/>
  <testcase name="TestName" time="17.241" classname="com.ApplicationDataMigration.DocumentMigration"/>
  <testcase name="TestName" time="18.077" classname="com.ApplicationDataMigration.DocumentMigration"/>
  <testcase name="TestName" time="17.967" classname="com.ApplicationDataMigration.DocumentMigration"/>
  <testcase name="TestName" time="17.847" classname="com.ApplicationDataMigration.DocumentMigration"/>
  <testcase name="TestName" time="17.501" classname="com.ApplicationDataMigration.DocumentMigration"/>
  <testcase name="TestName" time="18.152" classname="com.ApplicationDataMigration.DocumentMigration"/>
  <testcase name="TestName" time="19.444" classname="com.ApplicationDataMigration.DocumentMigration"/>
  <testcase name="TestName" time="17.253" classname="com.ApplicationDataMigration.DocumentMigration"/>
  <testcase name="TestName" time="17.588" classname="com.ApplicationDataMigration.DocumentMigration"/>
  <testcase name="TestName" time="17.654" classname="com.ApplicationDataMigration.DocumentMigration"/>
  <testcase name="TestName" time="17.332" classname="com.ApplicationDataMigration.DocumentMigration"/>
  <testcase name="TestName" time="17.830" classname="com.ApplicationDataMigration.DocumentMigration"/>
  <testcase name="TestName" time="19.021" classname="com.ApplicationDataMigration.DocumentMigration"/>
  <testcase name="TestName" time="18.125" classname="com.ApplicationDataMigration.DocumentMigration"/>
  <testcase name="TestName" time="16.969" classname="com.ApplicationDataMigration.DocumentMigration"/>
  <testcase name="TestName" time="17.495" classname="com.ApplicationDataMigration.DocumentMigration"/>
  <testcase name="TestName" time="17.590" classname="com.ApplicationDataMigration.DocumentMigration"/>
  <testcase name="TestName" time="18.881" classname="com.ApplicationDataMigration.DocumentMigration"/>
  <testcase name="TestName" time="19.263" classname="com.ApplicationDataMigration.DocumentMigration"/>
  <testcase name="TestName" time="17.516" classname="com.ApplicationDataMigration.DocumentMigration"/>
  <testcase name="TestName" time="17.657" classname="com.ApplicationDataMigration.DocumentMigration"/>
  <testcase name="TestName" time="17.341" classname="com.ApplicationDataMigration.DocumentMigration"/>
  <testcase name="TestName" time="17.521" classname="com.ApplicationDataMigration.DocumentMigration"/>
  <testcase name="TestName" time="17.999" classname="com.ApplicationDataMigration.DocumentMigration"/>
  <testcase name="TestName" time="18.024" classname="com.ApplicationDataMigration.DocumentMigration"/>
  <testcase name="TestName" time="17.506" classname="com.ApplicationDataMigration.DocumentMigration"/>
  <testcase name="TestName" time="17.926" classname="com.ApplicationDataMigration.DocumentMigration"/>
  <testcase name="TestName" time="17.916" classname="com.ApplicationDataMigration.DocumentMigration"/>
  <testcase name="TestName" time="18.011" classname="com.ApplicationDataMigration.DocumentMigration"/>
  <testcase name="TestName" time="17.748" classname="com.ApplicationDataMigration.DocumentMigration"/>
  <testcase name="TestName" time="17.626" classname="com.ApplicationDataMigration.DocumentMigration"/>
  <testcase name="TestName" time="17.952" classname="com.ApplicationDataMigration.DocumentMigration"/>
  <testcase name="TestName" time="18.241" classname="com.ApplicationDataMigration.DocumentMigration"/>
  <testcase name="TestName" time="18.633" classname="com.ApplicationDataMigration.DocumentMigration"/>
  <testcase name="TestName" time="18.290" classname="com.ApplicationDataMigration.DocumentMigration"/>
  <testcase name="TestName" time="17.206" classname="com.ApplicationDataMigration.DocumentMigration"/>
  <testcase name="TestName" time="20.062" classname="com.ApplicationDataMigration.DocumentMigration"/>
  <testcase name="TestName" time="17.698" classname="com.ApplicationDataMigration.DocumentMigration"/>
  <testcase name="TestName" time="17.513" classname="com.ApplicationDataMigration.DocumentMigration"/>
  <testcase name="TestName" time="17.797" classname="com.ApplicationDataMigration.DocumentMigration"/>
  <testcase name="TestName" time="17.521" classname="com.ApplicationDataMigration.DocumentMigration"/>
  <testcase name="TestName" time="17.872" classname="com.ApplicationDataMigration.DocumentMigration"/>
  <testcase name="TestName" time="17.706" classname="com.ApplicationDataMigration.DocumentMigration"/>
  <testcase name="TestName" time="19.630" classname="com.ApplicationDataMigration.DocumentMigration"/>
  <testcase name="TestName" time="17.824" classname="com.ApplicationDataMigration.DocumentMigration"/>
  <testcase name="TestName" time="17.881" classname="com.ApplicationDataMigration.DocumentMigration"/>
  <testcase name="TestName" time="17.711" classname="com.ApplicationDataMigration.DocumentMigration"/>
  <testcase name="TestName" time="17.431" classname="com.ApplicationDataMigration.DocumentMigration"/>
  <testcase name="TestName" time="18.140" classname="com.ApplicationDataMigration.DocumentMigration"/>
  <testcase name="TestName" time="17.635" classname="com.ApplicationDataMigration.DocumentMigration"/>
  <testcase name="TestName" time="17.891" classname="com.ApplicationDataMigration.DocumentMigration"/>
  <testcase name="TestName" time="18.630" classname="com.ApplicationDataMigration.DocumentMigration"/>
  <testcase name="TestName" time="17.809" classname="com.ApplicationDataMigration.DocumentMigration"/>
  <testcase name="TestName" time="17.815" classname="com.ApplicationDataMigration.DocumentMigration"/>
  <testcase name="TestName" time="17.420" classname="com.ApplicationDataMigration.DocumentMigration"/>
  <testcase name="TestName" time="19.156" classname="com.ApplicationDataMigration.DocumentMigration"/>
  <testcase name="TestName" time="17.954" classname="com.ApplicationDataMigration.DocumentMigration"/>
  <testcase name="TestName" time="18.120" classname="com.ApplicationDataMigration.DocumentMigration"/>
  <testcase name="TestName" time="17.838" classname="com.ApplicationDataMigration.DocumentMigration"/>
  <testcase name="TestName" time="18.148" classname="com.ApplicationDataMigration.DocumentMigration"/>
  <testcase name="TestName" time="18.929" classname="com.ApplicationDataMigration.DocumentMigration"/>
  <testcase name="TestName" time="17.647" classname="com.ApplicationDataMigration.DocumentMigration"/>
  <testcase name="TestName" time="17.814" classname="com.ApplicationDataMigration.DocumentMigration"/>
  <testcase name="TestName" time="17.422" classname="com.ApplicationDataMigration.DocumentMigration"/>
  <testcase name="TestName" time="0.118" classname="com.ApplicationDataMigration.DocumentMigration">
    <error type="org.testng.SkipException" message="DataToRun for row number 149 Is No or Blank. So Skipping Its Execution.">
      <![CDATA[org.testng.SkipException: DataToRun for row number 149 Is No or Blank. So Skipping Its Execution.
	at com.ApplicationDataMigration.DocumentMigration.TestName(DocumentMigration.java:114)
	at sun.reflect.GeneratedMethodAccessor41.invoke(Unknown Source)
	at sun.reflect.DelegatingMethodAccessorImpl.invoke(DelegatingMethodAccessorImpl.java:43)
	at java.lang.reflect.Method.invoke(Method.java:498)
	at org.testng.internal.MethodInvocationHelper.invokeMethod(MethodInvocationHelper.java:85)
	at org.testng.internal.Invoker.invokeMethod(Invoker.java:639)
	at org.testng.internal.Invoker.invokeTestMethod(Invoker.java:821)
	at org.testng.internal.Invoker.invokeTestMethods(Invoker.java:1131)
	at org.testng.internal.TestMethodWorker.invokeTestMethods(TestMethodWorker.java:124)
	at org.testng.internal.TestMethodWorker.run(TestMethodWorker.java:108)
	at org.testng.TestRunner.privateRun(TestRunner.java:773)
	at org.testng.TestRunner.run(TestRunner.java:623)
	at org.testng.SuiteRunner.runTest(SuiteRunner.java:357)
	at org.testng.SuiteRunner.runSequentially(SuiteRunner.java:352)
	at org.testng.SuiteRunner.privateRun(SuiteRunner.java:310)
	at org.testng.SuiteRunner.run(SuiteRunner.java:259)
	at org.testng.SuiteRunnerWorker.runSuite(SuiteRunnerWorker.java:52)
	at org.testng.SuiteRunnerWorker.run(SuiteRunnerWorker.java:86)
	at org.testng.TestNG.runSuitesSequentially(TestNG.java:1185)
	at org.testng.TestNG.runSuitesLocally(TestNG.java:1110)
	at org.testng.TestNG.run(TestNG.java:1018)
	at org.testng.remote.AbstractRemoteTestNG.run(AbstractRemoteTestNG.java:132)
	at org.testng.remote.RemoteTestNG.initAndRun(RemoteTestNG.java:236)
	at org.testng.remote.RemoteTestNG.main(RemoteTestNG.java:81)
]]>
    </error>
  </testcase> <!-- TestName -->
  <testcase name="TestName" time="18.255" classname="com.ApplicationDataMigration.DocumentMigration"/>
  <testcase name="TestName" time="16.859" classname="com.ApplicationDataMigration.DocumentMigration"/>
  <testcase name="TestName" time="17.919" classname="com.ApplicationDataMigration.DocumentMigration"/>
  <testcase name="TestName" time="19.344" classname="com.ApplicationDataMigration.DocumentMigration"/>
  <testcase name="TestName" time="17.796" classname="com.ApplicationDataMigration.DocumentMigration"/>
  <testcase name="TestName" time="17.372" classname="com.ApplicationDataMigration.DocumentMigration"/>
  <testcase name="TestName" time="17.897" classname="com.ApplicationDataMigration.DocumentMigration"/>
  <testcase name="TestName" time="18.882" classname="com.ApplicationDataMigration.DocumentMigration"/>
  <testcase name="TestName" time="18.112" classname="com.ApplicationDataMigration.DocumentMigration"/>
  <testcase name="TestName" time="17.478" classname="com.ApplicationDataMigration.DocumentMigration"/>
  <testcase name="TestName" time="19.186" classname="com.ApplicationDataMigration.DocumentMigration"/>
  <testcase name="TestName" time="18.781" classname="com.ApplicationDataMigration.DocumentMigration"/>
  <testcase name="TestName" time="33.939" classname="com.ApplicationDataMigration.DocumentMigration"/>
  <testcase name="TestName" time="17.985" classname="com.ApplicationDataMigration.DocumentMigration"/>
  <testcase name="TestName" time="17.577" classname="com.ApplicationDataMigration.DocumentMigration"/>
  <testcase name="TestName" time="18.639" classname="com.ApplicationDataMigration.DocumentMigration"/>
  <testcase name="TestName" time="0.121" classname="com.ApplicationDataMigration.DocumentMigration">
    <error type="org.testng.SkipException" message="DataToRun for row number 80 Is No or Blank. So Skipping Its Execution.">
      <![CDATA[org.testng.SkipException: DataToRun for row number 80 Is No or Blank. So Skipping Its Execution.
	at com.ApplicationDataMigration.DocumentMigration.TestName(DocumentMigration.java:114)
	at sun.reflect.GeneratedMethodAccessor41.invoke(Unknown Source)
	at sun.reflect.DelegatingMethodAccessorImpl.invoke(DelegatingMethodAccessorImpl.java:43)
	at java.lang.reflect.Method.invoke(Method.java:498)
	at org.testng.internal.MethodInvocationHelper.invokeMethod(MethodInvocationHelper.java:85)
	at org.testng.internal.Invoker.invokeMethod(Invoker.java:639)
	at org.testng.internal.Invoker.invokeTestMethod(Invoker.java:821)
	at org.testng.internal.Invoker.invokeTestMethods(Invoker.java:1131)
	at org.testng.internal.TestMethodWorker.invokeTestMethods(TestMethodWorker.java:124)
	at org.testng.internal.TestMethodWorker.run(TestMethodWorker.java:108)
	at org.testng.TestRunner.privateRun(TestRunner.java:773)
	at org.testng.TestRunner.run(TestRunner.java:623)
	at org.testng.SuiteRunner.runTest(SuiteRunner.java:357)
	at org.testng.SuiteRunner.runSequentially(SuiteRunner.java:352)
	at org.testng.SuiteRunner.privateRun(SuiteRunner.java:310)
	at org.testng.SuiteRunner.run(SuiteRunner.java:259)
	at org.testng.SuiteRunnerWorker.runSuite(SuiteRunnerWorker.java:52)
	at org.testng.SuiteRunnerWorker.run(SuiteRunnerWorker.java:86)
	at org.testng.TestNG.runSuitesSequentially(TestNG.java:1185)
	at org.testng.TestNG.runSuitesLocally(TestNG.java:1110)
	at org.testng.TestNG.run(TestNG.java:1018)
	at org.testng.remote.AbstractRemoteTestNG.run(AbstractRemoteTestNG.java:132)
	at org.testng.remote.RemoteTestNG.initAndRun(RemoteTestNG.java:236)
	at org.testng.remote.RemoteTestNG.main(RemoteTestNG.java:81)
]]>
    </error>
  </testcase> <!-- TestName -->
  <testcase name="TestName" time="17.930" classname="com.ApplicationDataMigration.DocumentMigration"/>
  <testcase name="TestName" time="17.464" classname="com.ApplicationDataMigration.DocumentMigration"/>
  <testcase name="TestName" time="18.249" classname="com.ApplicationDataMigration.DocumentMigration"/>
  <testcase name="TestName" time="17.519" classname="com.ApplicationDataMigration.DocumentMigration"/>
  <testcase name="TestName" time="18.286" classname="com.ApplicationDataMigration.DocumentMigration"/>
  <testcase name="TestName" time="19.203" classname="com.ApplicationDataMigration.DocumentMigration"/>
  <testcase name="TestName" time="18.601" classname="com.ApplicationDataMigration.DocumentMigration"/>
  <testcase name="TestName" time="18.142" classname="com.ApplicationDataMigration.DocumentMigration"/>
  <testcase name="TestName" time="17.436" classname="com.ApplicationDataMigration.DocumentMigration"/>
  <testcase name="TestName" time="18.048" classname="com.ApplicationDataMigration.DocumentMigration"/>
  <testcase name="TestName" time="17.697" classname="com.ApplicationDataMigration.DocumentMigration"/>
  <testcase name="TestName" time="17.841" classname="com.ApplicationDataMigration.DocumentMigration"/>
  <testcase name="TestName" time="17.679" classname="com.ApplicationDataMigration.DocumentMigration"/>
  <testcase name="TestName" time="17.582" classname="com.ApplicationDataMigration.DocumentMigration"/>
  <testcase name="TestName" time="17.354" classname="com.ApplicationDataMigration.DocumentMigration"/>
  <testcase name="TestName" time="17.006" classname="com.ApplicationDataMigration.DocumentMigration"/>
  <testcase name="TestName" time="17.646" classname="com.ApplicationDataMigration.DocumentMigration"/>
  <testcase name="TestName" time="18.732" classname="com.ApplicationDataMigration.DocumentMigration"/>
  <testcase name="TestName" time="16.761" classname="com.ApplicationDataMigration.DocumentMigration"/>
  <testcase name="TestName" time="18.366" classname="com.ApplicationDataMigration.DocumentMigration"/>
  <testcase name="TestName" time="18.910" classname="com.ApplicationDataMigration.DocumentMigration"/>
  <testcase name="TestName" time="18.244" classname="com.ApplicationDataMigration.DocumentMigration"/>
  <testcase name="TestName" time="17.895" classname="com.ApplicationDataMigration.DocumentMigration"/>
  <testcase name="TestName" time="17.631" classname="com.ApplicationDataMigration.DocumentMigration"/>
  <testcase name="TestName" time="18.989" classname="com.ApplicationDataMigration.DocumentMigration"/>
  <testcase name="TestName" time="17.687" classname="com.ApplicationDataMigration.DocumentMigration"/>
  <testcase name="TestName" time="18.403" classname="com.ApplicationDataMigration.DocumentMigration"/>
  <testcase name="TestName" time="17.836" classname="com.ApplicationDataMigration.DocumentMigration"/>
  <testcase name="TestName" time="17.900" classname="com.ApplicationDataMigration.DocumentMigration"/>
  <testcase name="TestName" time="17.657" classname="com.ApplicationDataMigration.DocumentMigration"/>
  <testcase name="TestName" time="18.803" classname="com.ApplicationDataMigration.DocumentMigration"/>
  <testcase name="TestName" time="18.214" classname="com.ApplicationDataMigration.DocumentMigration"/>
  <testcase name="TestName" time="17.995" classname="com.ApplicationDataMigration.DocumentMigration"/>
  <testcase name="TestName" time="17.585" classname="com.ApplicationDataMigration.DocumentMigration"/>
  <testcase name="TestName" time="17.927" classname="com.ApplicationDataMigration.DocumentMigration"/>
  <testcase name="TestName" time="19.877" classname="com.ApplicationDataMigration.DocumentMigration"/>
  <testcase name="TestName" time="18.206" classname="com.ApplicationDataMigration.DocumentMigration"/>
  <testcase name="TestName" time="18.122" classname="com.ApplicationDataMigration.DocumentMigration"/>
  <testcase name="TestName" time="17.752" classname="com.ApplicationDataMigration.DocumentMigration"/>
  <testcase name="TestName" time="18.092" classname="com.ApplicationDataMigration.DocumentMigration"/>
  <testcase name="TestName" time="17.491" classname="com.ApplicationDataMigration.DocumentMigration"/>
  <testcase name="TestName" time="18.114" classname="com.ApplicationDataMigration.DocumentMigration"/>
  <testcase name="TestName" time="17.912" classname="com.ApplicationDataMigration.DocumentMigration"/>
  <testcase name="TestName" time="17.967" classname="com.ApplicationDataMigration.DocumentMigration"/>
  <testcase name="TestName" time="17.924" classname="com.ApplicationDataMigration.DocumentMigration"/>
  <testcase name="TestName" time="18.110" classname="com.ApplicationDataMigration.DocumentMigration"/>
  <testcase name="TestName" time="17.346" classname="com.ApplicationDataMigration.DocumentMigration"/>
  <testcase name="TestName" time="17.466" classname="com.ApplicationDataMigration.DocumentMigration"/>
  <testcase name="TestName" time="18.178" classname="com.ApplicationDataMigration.DocumentMigration"/>
  <testcase name="TestName" time="19.637" classname="com.ApplicationDataMigration.DocumentMigration"/>
  <testcase name="TestName" time="18.061" classname="com.ApplicationDataMigration.DocumentMigration"/>
  <testcase name="TestName" time="17.348" classname="com.ApplicationDataMigration.DocumentMigration"/>
  <testcase name="TestName" time="17.962" classname="com.ApplicationDataMigration.DocumentMigration"/>
  <testcase name="TestName" time="18.059" classname="com.ApplicationDataMigration.DocumentMigration"/>
  <testcase name="TestName" time="17.673" classname="com.ApplicationDataMigration.DocumentMigration"/>
  <testcase name="TestName" time="18.265" classname="com.ApplicationDataMigration.DocumentMigration"/>
  <testcase name="TestName" time="17.355" classname="com.ApplicationDataMigration.DocumentMigration"/>
  <testcase name="TestName" time="17.335" classname="com.ApplicationDataMigration.DocumentMigration"/>
  <testcase name="TestName" time="17.909" classname="com.ApplicationDataMigration.DocumentMigration"/>
  <testcase name="TestName" time="18.382" classname="com.ApplicationDataMigration.DocumentMigration"/>
  <testcase name="TestName" time="19.085" classname="com.ApplicationDataMigration.DocumentMigration"/>
  <testcase name="TestName" time="18.025" classname="com.ApplicationDataMigration.DocumentMigration"/>
</testsuite> <!-- com.ApplicationDataMigration.DocumentMigration -->
